[2026-05-05 18:41:05] [INFO] CREATE FILE :  test.txt

[2026-05-05 18:41:19] [INFO] DELETE FILE :  test.txt

[2026-05-05 18:43:33] [INFO] CREATE FILE :  salam.c

[2026-05-06 19:28:46] [INFO] CREATE FILE : wissal.txt
[2026-05-06 19:29:01] [INFO] CREATE FILE : jjj.txt
[2026-05-06 19:31:16] [INFO] CREATE FILE : hello.exe
[2026-05-06 19:31:16] [ALERT] Extension interdite detectee : hello.exe
[2026-05-15 23:29:17] [INFO] DELETE FILE : salam.c
[2026-05-15 23:29:27] [INFO] DELETE FILE : jjj.txt
[2026-05-15 23:29:40] [INFO] DELETE FILE : hello.exe
[2026-05-15 23:29:40] [INFO] DELETE FILE : wissal.txt
[2026-05-15 23:29:59] [INFO] CREATE FILE : hello.exe
[2026-05-15 23:29:59] [ALERT] Extension interdite detectee : hello.exe
[2026-05-15 23:31:33] [INFO] CREATE FILE : .env
[2026-05-15 23:31:33] [ALERT] Fichier cache detecte : .env
[2026-05-16 18:25:30] [INFO] CREATE FILE : a.txt
[2026-05-16 18:25:52] [INFO] CREATE FILE : a.exe
[2026-05-16 18:25:52] [ALERT] Extension interdite detectee : a.exe
[2026-05-16 18:26:22] [INFO] DELETE FILE : a.txt
[2026-05-16 18:47:07] [INFO] CREATE FILE : a.txt
[2026-05-16 18:47:12] [INFO] DELETE FILE : a.txt
[2026-05-16 18:47:23] [INFO] CREATE FILE : a.exe
[2026-05-16 18:47:23] [ALERT] Extension interdite detectee : a.exe
[2026-05-16 18:50:10] [INFO] CREATE FILE : c.txt
[2026-05-16 18:50:15] [INFO] DELETE FILE : c.txt
[2026-05-16 18:50:21] [INFO] CREATE FILE : a.sh
[2026-05-16 18:50:21] [ALERT] Extension interdite detectee : a.sh
[2026-05-16 18:50:27] [INFO] Programme arrêté proprement
[INFO] Logger ferme proprement
[2026-05-17 20:19:41] [INFO] Programme arrêté proprement
[INFO] Logger ferme proprement
[2026-05-17 20:31:20] [INFO] CREATE FILE : lllllll.exe
[2026-05-17 20:31:20] [ALERT] Extension interdite detectee : lllllll.exe
[2026-05-17 20:32:01] [INFO] DELETE FILE : lllllll.exe
[2026-05-17 20:32:26] [INFO] Programme arrêté proprement
[INFO] Logger ferme proprement
[INFO] Logger ferme proprement
[INFO] Logger ferme proprement
[INFO] Logger ferme proprement
[2026-05-19 22:46:11] [INFO] CREATE FILE : a.exe
[2026-05-19 22:46:11] [ALERT] Extension interdite detectee : a.exe
[INFO] Logger ferme proprement
[2026-05-19 22:47:42] [INFO] CREATE FILE : w.exe
[2026-05-19 22:47:42] [ALERT] Extension interdite detectee : w.exe
[2026-05-19 22:48:10] [INFO] DELETE FILE : w.exe
[INFO] Logger ferme proprement
[2026-05-19 23:39:04] [INFO] CREATE FILE : file.txt
[2026-05-19 23:39:10] [INFO] CREATE FILE : .file.txt.swp
[2026-05-19 23:39:10] [ALERT] Fichier cache detecte : .file.txt.swp
[2026-05-19 23:39:10] [INFO] MODIFY FILE : .file.txt.swp
[2026-05-19 23:39:10] [INFO] DELETE FILE : .file.txt.swp
[2026-05-19 23:39:10] [INFO] CREATE FILE : .file.txt.swp
[2026-05-19 23:39:10] [ALERT] Fichier cache detecte : .file.txt.swp
[2026-05-19 23:39:10] [INFO] MODIFY FILE : .file.txt.swp
[2026-05-19 23:39:14] [INFO] MODIFY FILE : file.txt
[2026-05-19 23:39:14] [ALERT] Activite suspecte: 3 modificatiosn rapides (file.txt)
[2026-05-19 23:39:14] [INFO] MODIFY FILE : file.txt
[2026-05-19 23:39:14] [INFO] DELETE FILE : .file.txt.swp
[2026-05-19 23:44:02] [INFO] CREATE FILE : 1
[2026-05-19 23:44:02] [INFO] CREATE FILE : 2
[2026-05-19 23:44:02] [INFO] CREATE FILE : 3
[2026-05-19 23:44:02] [INFO] CREATE FILE : 4
[2026-05-19 23:44:02] [INFO] CREATE FILE : 5
[2026-05-19 23:44:02] [INFO] CREATE FILE : 6
[2026-05-19 23:45:20] [INFO] DELETE FILE : 1
[2026-05-19 23:45:20] [INFO] DELETE FILE : 2
[2026-05-19 23:45:20] [INFO] DELETE FILE : 3
[2026-05-19 23:45:20] [ALERT] Activite suspecte: 5 suppressions en 10 secondes
[2026-05-19 23:45:20] [INFO] DELETE FILE : 4
[2026-05-19 23:45:20] [INFO] DELETE FILE : 5
[2026-05-19 23:45:20] [INFO] DELETE FILE : 6
[2026-05-19 23:46:19] [INFO] Programme arrêté proprement
[INFO] Logger ferme proprement
[2026-05-20 00:42:45] [INFO] CREATE DIRECTORY : test1
[2026-05-20 00:43:05] [INFO] DELETE DIRECTORY : test1
[2026-05-20 00:43:28] [INFO] MOVED FROM : file1.txt
[2026-05-20 00:43:28] [INFO] MOVED TO : file.txt
[2026-05-20 00:43:53] [INFO] CREATE DIRECTORY : test2
[2026-05-20 00:44:04] [INFO] MOVED FROM : file.txt
[INFO] Logger ferme proprement
[2026-05-20] [02:18:56] [INFO] [CREATE FILE] [hi.exe] [test/hi.exe] PID:7481
[2026-05-20] [02:18:56] [ALERT] [FORBIDDEN EXTENSION] [hi.exe] [test/hi.exe] PID:7481
[2026-05-20] [02:19:08] [INFO] [CREATE FILE] [uuu.txt] [test/uuu.txt] PID:7481
[2026-05-20] [02:19:21] [INFO] [DELETE FILE] [hi.exe] [test/hi.exe] PID:7481
[2026-05-20] [02:19:26] [INFO] [DELETE FILE] [uuu.txt] [test/uuu.txt] PID:7481
[INFO] Logger ferme proprement
[2026-05-20] [02:26:44] [INFO] [MOVED FROM] [a.exe] [test/a.exe] PID:7553
[2026-05-20] [02:26:44] [INFO] [MOVED TO] [a1.exe] [test/a1.exe] PID:7553
[INFO] Logger ferme proprement
[2026-05-20] [02:27:44] [INFO] [MOVED FROM] [a1.exe] [test/a1.exe] PID:7584
[2026-05-20] [02:27:44] [INFO] [MOVED TO] [a2.exe] [test/a2.exe] PID:7584
[INFO] Logger ferme proprement
[2026-05-20] [18:59:22] [INFO] [CREATE FILE] [g.txt] [test/g.txt] PID:11579
[INFO] Logger ferme proprement
[2026-05-20] [19:20:44] [INFO] [DELETE FILE] [g.txt] [test/g.txt] PID:12191
[INFO] Logger ferme proprement
[2026-05-20] [19:24:44] [INFO] [CREATE FILE] [la.txt] [test/la.txt] PID:12302
[INFO] Logger ferme proprement
[2026-05-20] [19:28:55] [INFO] [DELETE FILE] [la.txt] [test/la.txt] PID:12472
[2026-05-20] [19:28:57] [] [] [] [] PID:12472
[2026-05-20] [19:32:09] [INFO] [CREATE FILE] [hy.txt] [test/hy.txt] PID:12596
